TN:
SF:src/lib.js
FN:11,(anonymous_0)
FN:18,(anonymous_1)
FN:23,(anonymous_2)
FN:26,(anonymous_3)
FN:27,(anonymous_4)
FN:30,(anonymous_5)
FN:35,(anonymous_6)
FN:39,(anonymous_7)
FN:40,(anonymous_8)
FN:41,(anonymous_9)
FN:42,(anonymous_10)
FN:44,(anonymous_11)
FN:62,(anonymous_12)
FN:62,(anonymous_13)
FN:63,(anonymous_14)
FN:67,(anonymous_15)
FN:68,(anonymous_16)
FN:69,(anonymous_17)
FN:87,(anonymous_18)
FN:87,(anonymous_19)
FN:95,(anonymous_20)
FN:109,(anonymous_21)
FN:116,(anonymous_22)
FNF:23
FNH:18
FNDA:4,(anonymous_0)
FNDA:2,(anonymous_1)
FNDA:0,(anonymous_2)
FNDA:0,(anonymous_3)
FNDA:0,(anonymous_4)
FNDA:0,(anonymous_5)
FNDA:0,(anonymous_6)
FNDA:2,(anonymous_7)
FNDA:2,(anonymous_8)
FNDA:2,(anonymous_9)
FNDA:2,(anonymous_10)
FNDA:4,(anonymous_11)
FNDA:4,(anonymous_12)
FNDA:4,(anonymous_13)
FNDA:3,(anonymous_14)
FNDA:2,(anonymous_15)
FNDA:2,(anonymous_16)
FNDA:2,(anonymous_17)
FNDA:2,(anonymous_18)
FNDA:2,(anonymous_19)
FNDA:2,(anonymous_20)
FNDA:1,(anonymous_21)
FNDA:2,(anonymous_22)
DA:3,4
DA:4,4
DA:5,4
DA:6,4
DA:7,4
DA:9,4
DA:11,4
DA:12,4
DA:13,4
DA:14,1
DA:15,4
DA:16,4
DA:18,4
DA:19,2
DA:20,2
DA:23,4
DA:24,0
DA:25,0
DA:26,0
DA:27,0
DA:28,0
DA:30,0
DA:31,0
DA:35,4
DA:36,0
DA:39,4
DA:40,4
DA:41,4
DA:42,4
DA:44,4
DA:45,4
DA:46,4
DA:47,4
DA:48,4
DA:49,1
DA:50,3
DA:51,3
DA:53,1
DA:54,1
DA:55,1
DA:57,2
DA:58,2
DA:62,4
DA:63,4
DA:64,3
DA:66,2
DA:67,2
DA:68,2
DA:69,2
DA:70,2
DA:71,1
DA:73,1
DA:79,1
DA:80,1
DA:81,1
DA:84,4
DA:87,4
DA:88,2
DA:89,2
DA:95,4
DA:96,2
DA:97,2
DA:99,2
DA:101,4
DA:102,4
DA:103,2
DA:105,2
DA:106,2
DA:109,4
DA:110,1
DA:111,1
DA:112,2
DA:113,1
DA:116,4
DA:118,2
DA:120,1
DA:121,1
DA:123,2
DA:124,2
DA:127,4
LF:80
LH:72
BRDA:11,0,0,3
BRDA:13,1,0,1
BRDA:13,1,1,3
BRDA:18,2,0,1
BRDA:48,3,0,1
BRDA:48,3,1,3
BRDA:51,4,0,1
BRDA:51,4,1,2
BRDA:54,5,0,1
BRDA:54,5,1,0
BRDA:57,6,0,2
BRDA:57,6,1,0
BRDA:64,7,0,2
BRDA:64,7,1,1
BRDA:70,8,0,1
BRDA:70,8,1,1
BRDA:102,9,0,2
BRDA:102,9,1,2
BRDA:118,10,0,1
BRDA:118,10,1,1
BRF:20
BRH:18
end_of_record
TN:
SF:src/navigation.js
FN:9,(anonymous_0)
FN:14,(anonymous_1)
FN:25,(anonymous_2)
FN:34,(anonymous_3)
FN:34,(anonymous_4)
FN:39,(anonymous_5)
FN:55,(anonymous_6)
FN:60,(anonymous_7)
FN:97,(anonymous_8)
FN:106,(anonymous_9)
FN:112,(anonymous_10)
FN:126,print_files
FN:133,(anonymous_12)
FN:156,(anonymous_13)
FN:161,(anonymous_14)
FN:163,(anonymous_15)
FN:170,(anonymous_16)
FN:191,(anonymous_17)
FN:192,(anonymous_18)
FNF:19
FNH:5
FNDA:6,(anonymous_0)
FNDA:7,(anonymous_1)
FNDA:4,(anonymous_2)
FNDA:0,(anonymous_3)
FNDA:0,(anonymous_4)
FNDA:0,(anonymous_5)
FNDA:0,(anonymous_6)
FNDA:0,(anonymous_7)
FNDA:0,(anonymous_8)
FNDA:0,(anonymous_9)
FNDA:0,(anonymous_10)
FNDA:0,print_files
FNDA:0,(anonymous_12)
FNDA:0,(anonymous_13)
FNDA:4,(anonymous_14)
FNDA:0,(anonymous_15)
FNDA:4,(anonymous_16)
FNDA:0,(anonymous_17)
FNDA:0,(anonymous_18)
DA:1,3
DA:2,3
DA:3,3
DA:4,3
DA:5,3
DA:7,3
DA:9,6
DA:14,3
DA:15,7
DA:16,7
DA:19,7
DA:20,7
DA:21,7
DA:22,2
DA:25,3
DA:26,4
DA:27,4
DA:28,4
DA:29,3
DA:30,4
DA:31,1
DA:32,4
DA:34,4
DA:35,0
DA:36,0
DA:37,0
DA:39,0
DA:40,0
DA:41,0
DA:42,0
DA:43,0
DA:44,0
DA:46,0
DA:47,0
DA:48,0
DA:50,0
DA:55,0
DA:56,0
DA:57,0
DA:58,0
DA:60,0
DA:61,0
DA:63,0
DA:65,0
DA:67,0
DA:69,0
DA:71,0
DA:75,0
DA:76,0
DA:77,0
DA:79,0
DA:81,0
DA:82,0
DA:83,0
DA:85,0
DA:87,0
DA:88,0
DA:89,0
DA:92,0
DA:93,0
DA:97,0
DA:98,0
DA:99,0
DA:100,0
DA:101,0
DA:102,0
DA:103,0
DA:106,0
DA:107,0
DA:108,0
DA:109,0
DA:110,0
DA:112,0
DA:113,0
DA:115,0
DA:116,0
DA:117,0
DA:119,0
DA:120,0
DA:123,0
DA:127,0
DA:128,0
DA:129,0
DA:130,0
DA:131,0
DA:133,0
DA:134,0
DA:135,0
DA:136,0
DA:137,0
DA:139,0
DA:141,0
DA:142,0
DA:143,0
DA:145,0
DA:146,0
DA:147,0
DA:149,0
DA:151,0
DA:152,0
DA:153,0
DA:156,0
DA:157,0
DA:158,0
DA:161,4
DA:162,4
DA:163,4
DA:164,0
DA:165,0
DA:166,0
DA:167,0
DA:168,0
DA:170,4
DA:171,4
DA:172,0
DA:173,4
DA:174,4
DA:175,1
DA:176,4
DA:177,4
DA:178,0
DA:179,4
DA:180,4
DA:186,3
DA:188,3
DA:190,0
DA:191,0
DA:192,0
LF:128
LH:37
BRDA:16,0,0,7
BRDA:16,0,1,2
BRDA:21,1,0,2
BRDA:21,1,1,5
BRDA:25,2,0,3
BRDA:28,3,0,3
BRDA:28,3,1,1
BRDA:30,4,0,1
BRDA:30,4,1,3
BRDA:35,5,0,0
BRDA:35,5,1,0
BRDA:40,6,0,0
BRDA:40,6,1,0
BRDA:40,7,0,0
BRDA:40,7,1,0
BRDA:44,8,0,0
BRDA:44,8,1,0
BRDA:48,9,0,0
BRDA:48,9,1,0
BRDA:57,10,0,0
BRDA:57,10,1,0
BRDA:61,11,0,0
BRDA:61,11,1,0
BRDA:65,12,0,0
BRDA:65,12,1,0
BRDA:69,13,0,0
BRDA:69,13,1,0
BRDA:71,14,0,0
BRDA:71,14,1,0
BRDA:71,15,0,0
BRDA:71,15,1,0
BRDA:79,16,0,0
BRDA:79,16,1,0
BRDA:85,17,0,0
BRDA:85,17,1,0
BRDA:98,18,0,0
BRDA:98,18,1,0
BRDA:100,19,0,0
BRDA:100,19,1,0
BRDA:100,20,0,0
BRDA:100,20,1,0
BRDA:110,21,0,0
BRDA:110,21,1,0
BRDA:115,22,0,0
BRDA:115,22,1,0
BRDA:117,23,0,0
BRDA:117,23,1,0
BRDA:127,24,0,0
BRDA:127,24,1,0
BRDA:129,25,0,0
BRDA:129,25,1,0
BRDA:131,26,0,0
BRDA:131,26,1,0
BRDA:134,27,0,0
BRDA:134,27,1,0
BRDA:136,28,0,0
BRDA:136,28,1,0
BRDA:143,29,0,0
BRDA:143,29,1,0
BRDA:149,30,0,0
BRDA:149,30,1,0
BRDA:164,31,0,0
BRDA:164,31,1,0
BRDA:164,32,0,0
BRDA:164,32,1,0
BRDA:164,32,2,0
BRDA:171,33,0,0
BRDA:171,33,1,4
BRDA:171,34,0,4
BRDA:171,34,1,0
BRDA:173,35,0,4
BRDA:173,35,1,2
BRDA:174,36,0,1
BRDA:174,36,1,3
BRDA:177,37,0,0
BRDA:177,37,1,4
BRDA:188,38,0,0
BRDA:188,38,1,3
BRF:78
BRH:17
end_of_record
TN:
SF:src/platforms.js
FN:25,(anonymous_0)
FN:28,(anonymous_1)
FN:58,(anonymous_2)
FN:64,(anonymous_3)
FN:71,(anonymous_4)
FN:76,(anonymous_5)
FN:95,(anonymous_6)
FN:116,(anonymous_7)
FN:119,(anonymous_8)
FN:122,(anonymous_9)
FN:142,(anonymous_10)
FN:154,(anonymous_11)
FN:161,(anonymous_12)
FN:163,(anonymous_13)
FN:203,(anonymous_14)
FN:211,(anonymous_15)
FN:220,(anonymous_16)
FN:231,(anonymous_17)
FN:235,(anonymous_18)
FN:239,(anonymous_19)
FN:243,(anonymous_20)
FN:272,(anonymous_21)
FN:281,(anonymous_22)
FN:288,(anonymous_23)
FN:291,(anonymous_24)
FN:303,(anonymous_25)
FN:309,(anonymous_26)
FN:313,(anonymous_27)
FN:316,(anonymous_28)
FN:320,(anonymous_29)
FN:323,(anonymous_30)
FN:334,(anonymous_31)
FN:339,(anonymous_32)
FN:342,(anonymous_33)
FN:346,(anonymous_34)
FN:349,(anonymous_35)
FN:352,(anonymous_36)
FN:356,(anonymous_37)
FN:359,(anonymous_38)
FN:362,(anonymous_39)
FN:389,(anonymous_40)
FN:392,(anonymous_41)
FN:411,(anonymous_42)
FN:425,(anonymous_43)
FN:433,(anonymous_44)
FN:434,(anonymous_45)
FN:447,(anonymous_46)
FN:451,(anonymous_47)
FN:494,(anonymous_48)
FN:527,(anonymous_49)
FN:540,(anonymous_50)
FN:547,(anonymous_51)
FN:550,(anonymous_52)
FN:553,(anonymous_53)
FN:558,(anonymous_54)
FN:562,(anonymous_55)
FN:567,(anonymous_56)
FN:573,(anonymous_57)
FN:581,(anonymous_58)
FN:586,(anonymous_59)
FNF:60
FNH:1
FNDA:6,(anonymous_0)
FNDA:0,(anonymous_1)
FNDA:0,(anonymous_2)
FNDA:0,(anonymous_3)
FNDA:0,(anonymous_4)
FNDA:0,(anonymous_5)
FNDA:0,(anonymous_6)
FNDA:0,(anonymous_7)
FNDA:0,(anonymous_8)
FNDA:0,(anonymous_9)
FNDA:0,(anonymous_10)
FNDA:0,(anonymous_11)
FNDA:0,(anonymous_12)
FNDA:0,(anonymous_13)
FNDA:0,(anonymous_14)
FNDA:0,(anonymous_15)
FNDA:0,(anonymous_16)
FNDA:0,(anonymous_17)
FNDA:0,(anonymous_18)
FNDA:0,(anonymous_19)
FNDA:0,(anonymous_20)
FNDA:0,(anonymous_21)
FNDA:0,(anonymous_22)
FNDA:0,(anonymous_23)
FNDA:0,(anonymous_24)
FNDA:0,(anonymous_25)
FNDA:0,(anonymous_26)
FNDA:0,(anonymous_27)
FNDA:0,(anonymous_28)
FNDA:0,(anonymous_29)
FNDA:0,(anonymous_30)
FNDA:0,(anonymous_31)
FNDA:0,(anonymous_32)
FNDA:0,(anonymous_33)
FNDA:0,(anonymous_34)
FNDA:0,(anonymous_35)
FNDA:0,(anonymous_36)
FNDA:0,(anonymous_37)
FNDA:0,(anonymous_38)
FNDA:0,(anonymous_39)
FNDA:0,(anonymous_40)
FNDA:0,(anonymous_41)
FNDA:0,(anonymous_42)
FNDA:0,(anonymous_43)
FNDA:0,(anonymous_44)
FNDA:0,(anonymous_45)
FNDA:0,(anonymous_46)
FNDA:0,(anonymous_47)
FNDA:0,(anonymous_48)
FNDA:0,(anonymous_49)
FNDA:0,(anonymous_50)
FNDA:0,(anonymous_51)
FNDA:0,(anonymous_52)
FNDA:0,(anonymous_53)
FNDA:0,(anonymous_54)
FNDA:0,(anonymous_55)
FNDA:0,(anonymous_56)
FNDA:0,(anonymous_57)
FNDA:0,(anonymous_58)
FNDA:0,(anonymous_59)
DA:3,2
DA:4,2
DA:5,2
DA:6,2
DA:13,2
DA:15,2
DA:18,2
DA:19,2
DA:21,2
DA:22,2
DA:23,2
DA:25,6
DA:29,0
DA:30,0
DA:31,0
DA:32,0
DA:33,0
DA:34,0
DA:35,0
DA:36,0
DA:37,0
DA:38,0
DA:39,0
DA:40,0
DA:41,0
DA:42,0
DA:43,0
DA:44,0
DA:45,0
DA:46,0
DA:47,0
DA:48,0
DA:49,0
DA:50,0
DA:51,0
DA:52,0
DA:53,0
DA:54,0
DA:55,0
DA:56,0
DA:59,0
DA:60,0
DA:61,0
DA:62,0
DA:65,0
DA:72,0
DA:73,0
DA:74,0
DA:78,0
DA:79,0
DA:82,0
DA:83,0
DA:84,0
DA:86,0
DA:87,0
DA:90,0
DA:91,0
DA:92,0
DA:93,0
DA:97,0
DA:99,0
DA:100,0
DA:103,0
DA:105,0
DA:106,0
DA:108,0
DA:109,0
DA:113,0
DA:114,0
DA:117,0
DA:120,0
DA:124,0
DA:125,0
DA:126,0
DA:129,0
DA:131,0
DA:132,0
DA:134,0
DA:135,0
DA:139,0
DA:140,0
DA:143,0
DA:144,0
DA:145,0
DA:146,0
DA:147,0
DA:148,0
DA:149,0
DA:150,0
DA:151,0
DA:152,0
DA:155,0
DA:161,0
DA:164,0
DA:165,0
DA:167,0
DA:169,0
DA:170,0
DA:171,0
DA:175,0
DA:177,0
DA:179,0
DA:180,0
DA:181,0
DA:182,0
DA:184,0
DA:186,0
DA:187,0
DA:189,0
DA:192,0
DA:194,0
DA:196,0
DA:197,0
DA:199,0
DA:200,0
DA:204,0
DA:205,0
DA:208,0
DA:209,0
DA:212,0
DA:214,0
DA:216,0
DA:217,0
DA:221,0
DA:223,0
DA:224,0
DA:226,0
DA:227,0
DA:232,0
DA:233,0
DA:236,0
DA:237,0
DA:240,0
DA:241,0
DA:244,0
DA:250,0
DA:252,0
DA:253,0
DA:254,0
DA:255,0
DA:257,0
DA:258,0
DA:259,0
DA:262,0
DA:266,0
DA:267,0
DA:268,0
DA:270,0
DA:273,0
DA:275,0
DA:276,0
DA:277,0
DA:278,0
DA:282,0
DA:283,0
DA:284,0
DA:289,0
DA:292,0
DA:293,0
DA:304,0
DA:305,0
DA:307,0
DA:310,0
DA:311,0
DA:314,0
DA:317,0
DA:318,0
DA:321,0
DA:324,0
DA:326,0
DA:327,0
DA:335,0
DA:337,0
DA:340,0
DA:343,0
DA:347,0
DA:350,0
DA:353,0
DA:357,0
DA:360,0
DA:364,0
DA:366,0
DA:369,0
DA:370,0
DA:373,0
DA:375,0
DA:376,0
DA:377,0
DA:378,0
DA:380,0
DA:382,0
DA:383,0
DA:384,0
DA:386,0
DA:390,0
DA:393,0
DA:395,0
DA:400,0
DA:401,0
DA:402,0
DA:406,0
DA:407,0
DA:408,0
DA:412,0
DA:416,0
DA:418,0
DA:423,0
DA:426,0
DA:428,0
DA:429,0
DA:430,0
DA:435,0
DA:436,0
DA:438,0
DA:439,0
DA:441,0
DA:442,0
DA:445,0
DA:448,0
DA:451,0
DA:452,0
DA:463,0
DA:464,0
DA:465,0
DA:466,0
DA:467,0
DA:469,0
DA:470,0
DA:471,0
DA:472,0
DA:478,0
DA:479,0
DA:480,0
DA:482,0
DA:495,0
DA:496,0
DA:497,0
DA:498,0
DA:499,0
DA:500,0
DA:501,0
DA:502,0
DA:503,0
DA:504,0
DA:505,0
DA:506,0
DA:507,0
DA:508,0
DA:509,0
DA:510,0
DA:511,0
DA:512,0
DA:513,0
DA:514,0
DA:515,0
DA:516,0
DA:517,0
DA:518,0
DA:519,0
DA:520,0
DA:522,0
DA:523,0
DA:524,0
DA:528,0
DA:529,0
DA:530,0
DA:531,0
DA:532,0
DA:533,0
DA:534,0
DA:535,0
DA:541,0
DA:542,0
DA:543,0
DA:544,0
DA:545,0
DA:548,0
DA:551,0
DA:554,0
DA:555,0
DA:559,0
DA:560,0
DA:563,0
DA:565,0
DA:568,0
DA:569,0
DA:570,0
DA:571,0
DA:574,0
DA:575,0
DA:576,0
DA:582,0
DA:586,2
DA:587,0
DA:591,0
DA:592,0
DA:595,2
LF:297
LH:14
BRDA:19,0,0,0
BRDA:19,0,1,2
BRDA:23,1,0,2
BRDA:23,1,1,2
BRDA:58,2,0,0
BRDA:59,3,0,0
BRDA:59,3,1,0
BRDA:59,4,0,0
BRDA:59,4,1,0
BRDA:76,5,0,0
BRDA:78,6,0,0
BRDA:78,6,1,0
BRDA:78,7,0,0
BRDA:78,7,1,0
BRDA:86,8,0,0
BRDA:86,8,1,0
BRDA:86,9,0,0
BRDA:86,9,1,0
BRDA:99,10,0,0
BRDA:99,10,1,0
BRDA:106,11,0,0
BRDA:106,11,1,0
BRDA:113,12,0,0
BRDA:113,12,1,0
BRDA:125,13,0,0
BRDA:125,13,1,0
BRDA:132,14,0,0
BRDA:132,14,1,0
BRDA:139,15,0,0
BRDA:139,15,1,0
BRDA:143,16,0,0
BRDA:143,16,1,0
BRDA:147,17,0,0
BRDA:147,17,1,0
BRDA:148,18,0,0
BRDA:148,18,1,0
BRDA:165,19,0,0
BRDA:165,19,1,0
BRDA:165,19,2,0
BRDA:167,20,0,0
BRDA:167,20,1,0
BRDA:175,21,0,0
BRDA:175,21,1,0
BRDA:180,22,0,0
BRDA:180,22,1,0
BRDA:182,23,0,0
BRDA:182,23,1,0
BRDA:186,24,0,0
BRDA:186,24,1,0
BRDA:192,25,0,0
BRDA:192,25,1,0
BRDA:194,26,0,0
BRDA:194,26,1,0
BRDA:196,27,0,0
BRDA:196,27,1,0
BRDA:212,28,0,0
BRDA:212,28,1,0
BRDA:216,29,0,0
BRDA:216,29,1,0
BRDA:221,30,0,0
BRDA:221,30,1,0
BRDA:221,31,0,0
BRDA:221,31,1,0
BRDA:224,32,0,0
BRDA:224,32,1,0
BRDA:236,33,0,0
BRDA:236,33,1,0
BRDA:240,34,0,0
BRDA:240,34,1,0
BRDA:250,35,0,0
BRDA:250,35,1,0
BRDA:253,36,0,0
BRDA:253,36,1,0
BRDA:258,37,0,0
BRDA:258,37,1,0
BRDA:267,38,0,0
BRDA:267,38,1,0
BRDA:273,39,0,0
BRDA:273,39,1,0
BRDA:276,40,0,0
BRDA:276,40,1,0
BRDA:277,41,0,0
BRDA:277,41,1,0
BRDA:282,42,0,0
BRDA:282,42,1,0
BRDA:283,43,0,0
BRDA:283,43,1,0
BRDA:285,44,0,0
BRDA:285,44,1,0
BRDA:289,45,0,0
BRDA:289,45,1,0
BRDA:294,46,0,0
BRDA:294,46,1,0
BRDA:297,47,0,0
BRDA:297,47,1,0
BRDA:304,48,0,0
BRDA:304,48,1,0
BRDA:325,49,0,0
BRDA:325,49,1,0
BRDA:326,50,0,0
BRDA:326,50,1,0
BRDA:330,51,0,0
BRDA:330,51,1,0
BRDA:336,52,0,0
BRDA:336,52,1,0
BRDA:343,53,0,0
BRDA:343,53,1,0
BRDA:360,54,0,0
BRDA:360,54,1,0
BRDA:364,55,0,0
BRDA:364,55,1,0
BRDA:369,56,0,0
BRDA:369,56,1,0
BRDA:383,57,0,0
BRDA:383,57,1,0
BRDA:393,58,0,0
BRDA:393,58,1,0
BRDA:393,59,0,0
BRDA:393,59,1,0
BRDA:416,60,0,0
BRDA:416,60,1,0
BRDA:428,61,0,0
BRDA:428,61,1,0
BRDA:436,62,0,0
BRDA:436,62,1,0
BRDA:439,63,0,0
BRDA:439,63,1,0
BRDA:439,64,0,0
BRDA:439,64,1,0
BRDA:441,65,0,0
BRDA:441,65,1,0
BRDA:448,66,0,0
BRDA:448,66,1,0
BRDA:451,67,0,0
BRDA:451,67,1,0
BRDA:458,68,0,0
BRDA:458,68,1,0
BRDA:467,69,0,0
BRDA:467,69,1,0
BRDA:467,70,0,0
BRDA:467,70,1,0
BRDA:470,71,0,0
BRDA:470,71,1,0
BRDA:479,72,0,0
BRDA:479,72,1,0
BRDA:495,73,0,0
BRDA:495,73,1,0
BRDA:520,74,0,0
BRDA:520,74,1,0
BRDA:586,75,0,0
BRF:150
BRH:3
end_of_record
