TN:
SF:src/lib.js
FN:11,(anonymous_0)
FN:18,(anonymous_1)
FN:23,(anonymous_2)
FN:26,(anonymous_3)
FN:27,(anonymous_4)
FN:30,(anonymous_5)
FN:35,(anonymous_6)
FN:39,(anonymous_7)
FN:40,(anonymous_8)
FN:41,(anonymous_9)
FN:42,(anonymous_10)
FN:44,(anonymous_11)
FN:62,(anonymous_12)
FN:62,(anonymous_13)
FN:65,(anonymous_14)
FN:69,(anonymous_15)
FN:70,(anonymous_16)
FN:71,(anonymous_17)
FN:82,(anonymous_18)
FN:90,(anonymous_19)
FN:94,(anonymous_20)
FN:100,(anonymous_21)
FN:100,(anonymous_22)
FN:108,(anonymous_23)
FN:122,(anonymous_24)
FN:129,(anonymous_25)
FNF:26
FNH:19
FNDA:4,(anonymous_0)
FNDA:2,(anonymous_1)
FNDA:0,(anonymous_2)
FNDA:0,(anonymous_3)
FNDA:0,(anonymous_4)
FNDA:0,(anonymous_5)
FNDA:0,(anonymous_6)
FNDA:2,(anonymous_7)
FNDA:2,(anonymous_8)
FNDA:2,(anonymous_9)
FNDA:2,(anonymous_10)
FNDA:4,(anonymous_11)
FNDA:4,(anonymous_12)
FNDA:4,(anonymous_13)
FNDA:3,(anonymous_14)
FNDA:2,(anonymous_15)
FNDA:2,(anonymous_16)
FNDA:2,(anonymous_17)
FNDA:0,(anonymous_18)
FNDA:1,(anonymous_19)
FNDA:0,(anonymous_20)
FNDA:2,(anonymous_21)
FNDA:2,(anonymous_22)
FNDA:2,(anonymous_23)
FNDA:1,(anonymous_24)
FNDA:2,(anonymous_25)
DA:3,6
DA:4,6
DA:5,6
DA:6,6
DA:7,6
DA:9,6
DA:11,6
DA:12,4
DA:13,4
DA:14,1
DA:15,4
DA:16,4
DA:18,6
DA:19,2
DA:20,2
DA:23,6
DA:24,0
DA:25,0
DA:26,0
DA:27,0
DA:28,0
DA:30,0
DA:31,0
DA:35,6
DA:36,0
DA:39,6
DA:40,6
DA:41,6
DA:42,6
DA:44,6
DA:45,4
DA:46,4
DA:47,4
DA:48,4
DA:49,1
DA:50,3
DA:51,3
DA:53,1
DA:54,1
DA:55,1
DA:57,2
DA:58,2
DA:62,6
DA:63,4
DA:66,3
DA:68,2
DA:69,2
DA:70,2
DA:71,2
DA:72,2
DA:73,1
DA:75,1
DA:81,1
DA:82,1
DA:83,0
DA:84,0
DA:86,1
DA:87,1
DA:90,4
DA:91,1
DA:92,1
DA:94,4
DA:95,0
DA:96,0
DA:100,6
DA:101,2
DA:102,2
DA:108,6
DA:109,2
DA:110,2
DA:112,2
DA:114,4
DA:115,4
DA:116,2
DA:118,2
DA:119,2
DA:122,6
DA:123,1
DA:124,1
DA:125,2
DA:126,1
DA:129,6
DA:131,2
DA:133,1
DA:134,1
DA:136,2
DA:137,2
DA:140,6
LF:88
LH:76
BRDA:11,0,0,3
BRDA:13,1,0,1
BRDA:13,1,1,3
BRDA:18,2,0,1
BRDA:48,3,0,1
BRDA:48,3,1,3
BRDA:51,4,0,1
BRDA:51,4,1,2
BRDA:54,5,0,1
BRDA:54,5,1,0
BRDA:57,6,0,2
BRDA:57,6,1,0
BRDA:66,7,0,2
BRDA:66,7,1,1
BRDA:72,8,0,1
BRDA:72,8,1,1
BRDA:115,9,0,2
BRDA:115,9,1,2
BRDA:131,10,0,1
BRDA:131,10,1,1
BRF:20
BRH:18
end_of_record
TN:
SF:src/navigation.js
FN:9,(anonymous_0)
FN:14,(anonymous_1)
FN:25,(anonymous_2)
FN:34,(anonymous_3)
FN:34,(anonymous_4)
FN:39,(anonymous_5)
FN:55,(anonymous_6)
FN:60,(anonymous_7)
FN:97,(anonymous_8)
FN:106,(anonymous_9)
FN:112,(anonymous_10)
FN:126,print_files
FN:133,(anonymous_12)
FN:156,(anonymous_13)
FN:161,(anonymous_14)
FN:163,(anonymous_15)
FN:170,(anonymous_16)
FN:191,(anonymous_17)
FN:192,(anonymous_18)
FNF:19
FNH:5
FNDA:6,(anonymous_0)
FNDA:7,(anonymous_1)
FNDA:4,(anonymous_2)
FNDA:0,(anonymous_3)
FNDA:0,(anonymous_4)
FNDA:0,(anonymous_5)
FNDA:0,(anonymous_6)
FNDA:0,(anonymous_7)
FNDA:0,(anonymous_8)
FNDA:0,(anonymous_9)
FNDA:0,(anonymous_10)
FNDA:0,print_files
FNDA:0,(anonymous_12)
FNDA:0,(anonymous_13)
FNDA:4,(anonymous_14)
FNDA:0,(anonymous_15)
FNDA:4,(anonymous_16)
FNDA:0,(anonymous_17)
FNDA:0,(anonymous_18)
DA:1,5
DA:2,5
DA:3,5
DA:4,5
DA:5,5
DA:7,5
DA:9,6
DA:14,5
DA:15,7
DA:16,7
DA:19,7
DA:20,7
DA:21,7
DA:22,2
DA:25,5
DA:26,4
DA:27,4
DA:28,4
DA:29,3
DA:30,4
DA:31,1
DA:32,4
DA:34,4
DA:35,0
DA:36,0
DA:37,0
DA:39,0
DA:40,0
DA:41,0
DA:42,0
DA:43,0
DA:44,0
DA:46,0
DA:47,0
DA:48,0
DA:50,0
DA:55,0
DA:56,0
DA:57,0
DA:58,0
DA:60,0
DA:61,0
DA:63,0
DA:65,0
DA:67,0
DA:69,0
DA:71,0
DA:75,0
DA:76,0
DA:77,0
DA:79,0
DA:81,0
DA:82,0
DA:83,0
DA:85,0
DA:87,0
DA:88,0
DA:89,0
DA:92,0
DA:93,0
DA:97,0
DA:98,0
DA:99,0
DA:100,0
DA:101,0
DA:102,0
DA:103,0
DA:106,0
DA:107,0
DA:108,0
DA:109,0
DA:110,0
DA:112,0
DA:113,0
DA:115,0
DA:116,0
DA:117,0
DA:119,0
DA:120,0
DA:123,0
DA:127,0
DA:128,0
DA:129,0
DA:130,0
DA:131,0
DA:133,0
DA:134,0
DA:135,0
DA:136,0
DA:137,0
DA:139,0
DA:141,0
DA:142,0
DA:143,0
DA:145,0
DA:146,0
DA:147,0
DA:149,0
DA:151,0
DA:152,0
DA:153,0
DA:156,0
DA:157,0
DA:158,0
DA:161,4
DA:162,4
DA:163,4
DA:164,0
DA:165,0
DA:166,0
DA:167,0
DA:168,0
DA:170,4
DA:171,4
DA:172,0
DA:173,4
DA:174,4
DA:175,1
DA:176,4
DA:177,4
DA:178,0
DA:179,4
DA:180,4
DA:186,5
DA:188,5
DA:190,0
DA:191,0
DA:192,0
LF:128
LH:37
BRDA:16,0,0,7
BRDA:16,0,1,2
BRDA:21,1,0,2
BRDA:21,1,1,5
BRDA:25,2,0,3
BRDA:28,3,0,3
BRDA:28,3,1,1
BRDA:30,4,0,1
BRDA:30,4,1,3
BRDA:35,5,0,0
BRDA:35,5,1,0
BRDA:40,6,0,0
BRDA:40,6,1,0
BRDA:40,7,0,0
BRDA:40,7,1,0
BRDA:44,8,0,0
BRDA:44,8,1,0
BRDA:48,9,0,0
BRDA:48,9,1,0
BRDA:57,10,0,0
BRDA:57,10,1,0
BRDA:61,11,0,0
BRDA:61,11,1,0
BRDA:65,12,0,0
BRDA:65,12,1,0
BRDA:69,13,0,0
BRDA:69,13,1,0
BRDA:71,14,0,0
BRDA:71,14,1,0
BRDA:71,15,0,0
BRDA:71,15,1,0
BRDA:79,16,0,0
BRDA:79,16,1,0
BRDA:85,17,0,0
BRDA:85,17,1,0
BRDA:98,18,0,0
BRDA:98,18,1,0
BRDA:100,19,0,0
BRDA:100,19,1,0
BRDA:100,20,0,0
BRDA:100,20,1,0
BRDA:110,21,0,0
BRDA:110,21,1,0
BRDA:115,22,0,0
BRDA:115,22,1,0
BRDA:117,23,0,0
BRDA:117,23,1,0
BRDA:127,24,0,0
BRDA:127,24,1,0
BRDA:129,25,0,0
BRDA:129,25,1,0
BRDA:131,26,0,0
BRDA:131,26,1,0
BRDA:134,27,0,0
BRDA:134,27,1,0
BRDA:136,28,0,0
BRDA:136,28,1,0
BRDA:143,29,0,0
BRDA:143,29,1,0
BRDA:149,30,0,0
BRDA:149,30,1,0
BRDA:164,31,0,0
BRDA:164,31,1,0
BRDA:164,32,0,0
BRDA:164,32,1,0
BRDA:164,32,2,0
BRDA:171,33,0,0
BRDA:171,33,1,4
BRDA:171,34,0,4
BRDA:171,34,1,0
BRDA:173,35,0,4
BRDA:173,35,1,2
BRDA:174,36,0,1
BRDA:174,36,1,3
BRDA:177,37,0,0
BRDA:177,37,1,4
BRDA:188,38,0,0
BRDA:188,38,1,5
BRF:78
BRH:17
end_of_record
TN:
SF:src/platforms/BrightSdkUpdateBase.js
FN:19,(anonymous_0)
FN:47,(anonymous_1)
FN:53,(anonymous_2)
FN:72,(anonymous_3)
FN:77,(anonymous_4)
FN:79,(anonymous_5)
FN:82,(anonymous_6)
FN:93,(anonymous_7)
FN:101,(anonymous_8)
FN:112,(anonymous_9)
FN:116,(anonymous_10)
FN:120,(anonymous_11)
FN:123,(anonymous_12)
FN:126,(anonymous_13)
FN:129,(anonymous_14)
FN:132,(anonymous_15)
FN:135,(anonymous_16)
FN:148,(anonymous_17)
FN:151,(anonymous_18)
FN:155,(anonymous_19)
FN:187,(anonymous_20)
FN:196,(anonymous_21)
FN:205,(anonymous_22)
FN:208,(anonymous_23)
FN:212,(anonymous_24)
FN:216,(anonymous_25)
FN:217,(anonymous_26)
FN:236,(anonymous_27)
FN:244,(anonymous_28)
FN:253,(anonymous_29)
FN:259,(anonymous_30)
FN:292,(anonymous_31)
FN:296,(anonymous_32)
FN:298,(anonymous_33)
FN:301,(anonymous_34)
FN:304,(anonymous_35)
FN:311,(anonymous_36)
FN:318,(anonymous_37)
FN:330,(anonymous_38)
FN:336,(anonymous_39)
FN:342,(anonymous_40)
FN:350,(anonymous_41)
FN:356,(anonymous_42)
FN:370,(anonymous_43)
FN:382,(anonymous_44)
FN:407,(anonymous_45)
FN:415,(anonymous_46)
FNF:47
FNH:43
FNDA:43,(anonymous_0)
FNDA:31,(anonymous_1)
FNDA:10,(anonymous_2)
FNDA:3,(anonymous_3)
FNDA:1,(anonymous_4)
FNDA:7,(anonymous_5)
FNDA:1,(anonymous_6)
FNDA:1,(anonymous_7)
FNDA:2,(anonymous_8)
FNDA:1,(anonymous_9)
FNDA:2,(anonymous_10)
FNDA:1,(anonymous_11)
FNDA:1,(anonymous_12)
FNDA:1,(anonymous_13)
FNDA:1,(anonymous_14)
FNDA:0,(anonymous_15)
FNDA:2,(anonymous_16)
FNDA:1,(anonymous_17)
FNDA:1,(anonymous_18)
FNDA:3,(anonymous_19)
FNDA:3,(anonymous_20)
FNDA:3,(anonymous_21)
FNDA:1,(anonymous_22)
FNDA:1,(anonymous_23)
FNDA:1,(anonymous_24)
FNDA:0,(anonymous_25)
FNDA:2,(anonymous_26)
FNDA:1,(anonymous_27)
FNDA:1,(anonymous_28)
FNDA:8,(anonymous_29)
FNDA:9,(anonymous_30)
FNDA:6,(anonymous_31)
FNDA:0,(anonymous_32)
FNDA:0,(anonymous_33)
FNDA:1,(anonymous_34)
FNDA:1,(anonymous_35)
FNDA:2,(anonymous_36)
FNDA:1,(anonymous_37)
FNDA:1,(anonymous_38)
FNDA:1,(anonymous_39)
FNDA:2,(anonymous_40)
FNDA:1,(anonymous_41)
FNDA:1,(anonymous_42)
FNDA:2,(anonymous_43)
FNDA:2,(anonymous_44)
FNDA:1,(anonymous_45)
FNDA:1,(anonymous_46)
DA:3,4
DA:4,4
DA:5,4
DA:6,4
DA:7,4
DA:14,4
DA:16,4
DA:20,43
DA:21,43
DA:22,43
DA:23,43
DA:24,43
DA:25,43
DA:26,43
DA:27,43
DA:28,43
DA:29,43
DA:30,43
DA:31,43
DA:32,43
DA:33,43
DA:34,43
DA:35,43
DA:36,43
DA:37,43
DA:38,43
DA:39,43
DA:40,43
DA:41,43
DA:42,43
DA:43,43
DA:44,43
DA:45,43
DA:48,31
DA:49,16
DA:50,15
DA:51,15
DA:55,10
DA:56,8
DA:59,2
DA:60,2
DA:61,2
DA:63,4
DA:64,1
DA:67,10
DA:68,10
DA:69,10
DA:70,10
DA:73,3
DA:74,3
DA:75,3
DA:78,1
DA:79,7
DA:83,1
DA:94,1
DA:95,1
DA:98,1
DA:99,1
DA:102,2
DA:104,1
DA:105,1
DA:107,1
DA:108,1
DA:113,1
DA:114,1
DA:117,2
DA:118,2
DA:121,1
DA:124,1
DA:127,1
DA:130,1
DA:133,0
DA:136,2
DA:138,1
DA:139,1
DA:141,1
DA:142,1
DA:149,1
DA:152,1
DA:156,3
DA:162,3
DA:164,1
DA:165,1
DA:166,1
DA:167,0
DA:169,1
DA:170,1
DA:172,0
DA:173,0
DA:174,0
DA:177,0
DA:181,1
DA:182,1
DA:183,1
DA:185,3
DA:188,3
DA:190,2
DA:191,2
DA:192,2
DA:193,2
DA:197,3
DA:198,3
DA:199,1
DA:201,2
DA:203,2
DA:206,1
DA:209,1
DA:210,1
DA:213,1
DA:214,1
DA:218,2
DA:220,1
DA:225,1
DA:226,1
DA:227,1
DA:231,1
DA:232,1
DA:233,1
DA:237,1
DA:238,1
DA:239,1
DA:240,1
DA:241,1
DA:242,1
DA:245,1
DA:247,1
DA:248,1
DA:249,0
DA:250,1
DA:254,8
DA:260,9
DA:261,9
DA:263,9
DA:264,7
DA:265,2
DA:267,2
DA:269,2
DA:270,2
DA:271,2
DA:272,2
DA:274,2
DA:276,3
DA:277,1
DA:279,2
DA:283,9
DA:288,9
DA:289,9
DA:290,5
DA:293,6
DA:294,6
DA:299,0
DA:302,1
DA:305,1
DA:306,1
DA:307,1
DA:312,2
DA:313,0
DA:314,2
DA:315,2
DA:316,2
DA:319,1
DA:328,1
DA:331,1
DA:332,1
DA:333,1
DA:334,1
DA:337,1
DA:339,1
DA:340,1
DA:341,1
DA:342,2
DA:343,1
DA:344,1
DA:348,1
DA:351,1
DA:352,1
DA:353,1
DA:354,1
DA:357,1
DA:358,1
DA:359,1
DA:371,2
DA:373,1
DA:374,1
DA:375,1
DA:376,1
DA:377,1
DA:378,1
DA:379,1
DA:383,2
DA:384,0
DA:385,2
DA:386,2
DA:387,2
DA:389,2
DA:390,2
DA:391,2
DA:392,2
DA:393,2
DA:394,2
DA:395,2
DA:396,2
DA:397,2
DA:398,2
DA:399,2
DA:400,2
DA:401,2
DA:402,2
DA:403,2
DA:404,2
DA:405,2
DA:408,1
DA:409,1
DA:410,1
DA:411,1
DA:412,1
DA:413,1
DA:416,1
DA:417,1
DA:421,4
LF:220
LH:210
BRDA:21,0,0,4
BRDA:21,0,1,39
BRDA:47,1,0,31
BRDA:48,2,0,16
BRDA:48,2,1,15
BRDA:48,3,0,31
BRDA:48,3,1,28
BRDA:53,4,0,4
BRDA:55,5,0,8
BRDA:55,5,1,2
BRDA:55,6,0,10
BRDA:55,6,1,2
BRDA:63,7,0,1
BRDA:63,7,1,3
BRDA:63,8,0,4
BRDA:63,8,1,2
BRDA:102,9,0,1
BRDA:102,9,1,1
BRDA:102,10,0,2
BRDA:102,10,1,1
BRDA:105,11,0,1
BRDA:105,11,1,0
BRDA:117,12,0,2
BRDA:117,12,1,0
BRDA:136,13,0,1
BRDA:136,13,1,1
BRDA:145,14,0,1
BRDA:145,14,1,0
BRDA:152,15,0,0
BRDA:152,15,1,1
BRDA:162,16,0,1
BRDA:162,16,1,2
BRDA:166,17,0,0
BRDA:166,17,1,1
BRDA:173,18,0,0
BRDA:173,18,1,0
BRDA:182,19,0,1
BRDA:182,19,1,0
BRDA:188,20,0,2
BRDA:188,20,1,1
BRDA:191,21,0,2
BRDA:191,21,1,1
BRDA:192,22,0,2
BRDA:192,22,1,0
BRDA:198,23,0,1
BRDA:198,23,1,2
BRDA:209,24,0,1
BRDA:209,24,1,0
BRDA:218,25,0,1
BRDA:218,25,1,1
BRDA:218,26,0,2
BRDA:218,26,1,1
BRDA:238,27,0,1
BRDA:238,27,1,0
BRDA:238,28,0,1
BRDA:238,28,1,1
BRDA:240,29,0,1
BRDA:240,29,1,0
BRDA:240,30,0,1
BRDA:240,30,1,1
BRDA:247,31,0,0
BRDA:247,31,1,1
BRDA:248,32,0,0
BRDA:248,32,1,1
BRDA:261,33,0,9
BRDA:261,33,1,7
BRDA:261,33,2,0
BRDA:263,34,0,7
BRDA:263,34,1,2
BRDA:265,35,0,2
BRDA:265,35,1,0
BRDA:270,36,0,2
BRDA:270,36,1,0
BRDA:272,37,0,2
BRDA:272,37,1,0
BRDA:276,38,0,1
BRDA:276,38,1,2
BRDA:283,39,0,9
BRDA:283,39,1,0
BRDA:283,39,2,0
BRDA:285,40,0,0
BRDA:285,40,1,0
BRDA:289,41,0,5
BRDA:289,41,1,4
BRDA:293,42,0,0
BRDA:293,42,1,6
BRDA:294,43,0,6
BRDA:294,43,1,1
BRDA:305,44,0,1
BRDA:305,44,1,1
BRDA:306,45,0,1
BRDA:306,45,1,0
BRDA:312,46,0,0
BRDA:312,46,1,2
BRDA:315,47,0,2
BRDA:315,47,1,0
BRDA:324,48,0,1
BRDA:324,48,1,1
BRDA:332,49,0,1
BRDA:332,49,1,0
BRDA:337,50,0,0
BRDA:337,50,1,1
BRDA:337,51,0,1
BRDA:337,51,1,0
BRDA:340,52,0,1
BRDA:340,52,1,0
BRDA:352,53,0,1
BRDA:352,53,1,0
BRDA:371,54,0,1
BRDA:371,54,1,1
BRDA:383,55,0,0
BRDA:383,55,1,2
BRF:112
BRH:80
end_of_record
TN:
SF:src/platforms/BrightSdkUpdateWeb.js
FN:13,(anonymous_0)
FN:28,(anonymous_1)
FN:35,(anonymous_2)
FN:56,(anonymous_3)
FN:59,(anonymous_4)
FN:80,(anonymous_5)
FN:93,(anonymous_6)
FN:102,(anonymous_7)
FN:105,(anonymous_8)
FN:109,(anonymous_9)
FN:112,(anonymous_10)
FN:125,(anonymous_11)
FN:130,(anonymous_12)
FN:133,(anonymous_13)
FN:136,(anonymous_14)
FN:140,(anonymous_15)
FN:146,(anonymous_16)
FN:179,(anonymous_17)
FN:182,(anonymous_18)
FN:193,(anonymous_19)
FN:207,(anonymous_20)
FN:214,(anonymous_21)
FN:227,(anonymous_22)
FN:234,(anonymous_23)
FN:241,(anonymous_24)
FN:244,(anonymous_25)
FN:247,(anonymous_26)
FN:252,(anonymous_27)
FN:256,(anonymous_28)
FN:261,(anonymous_29)
FN:267,(anonymous_30)
FN:275,(anonymous_31)
FN:280,(anonymous_32)
FNF:33
FNH:11
FNDA:19,(anonymous_0)
FNDA:5,(anonymous_1)
FNDA:2,(anonymous_2)
FNDA:0,(anonymous_3)
FNDA:2,(anonymous_4)
FNDA:1,(anonymous_5)
FNDA:0,(anonymous_6)
FNDA:0,(anonymous_7)
FNDA:0,(anonymous_8)
FNDA:2,(anonymous_9)
FNDA:2,(anonymous_10)
FNDA:1,(anonymous_11)
FNDA:0,(anonymous_12)
FNDA:0,(anonymous_13)
FNDA:0,(anonymous_14)
FNDA:0,(anonymous_15)
FNDA:3,(anonymous_16)
FNDA:0,(anonymous_17)
FNDA:1,(anonymous_18)
FNDA:1,(anonymous_19)
FNDA:0,(anonymous_20)
FNDA:0,(anonymous_21)
FNDA:0,(anonymous_22)
FNDA:0,(anonymous_23)
FNDA:0,(anonymous_24)
FNDA:0,(anonymous_25)
FNDA:0,(anonymous_26)
FNDA:0,(anonymous_27)
FNDA:0,(anonymous_28)
FNDA:0,(anonymous_29)
FNDA:0,(anonymous_30)
FNDA:0,(anonymous_31)
FNDA:0,(anonymous_32)
DA:3,3
DA:4,3
DA:5,3
DA:6,3
DA:10,3
DA:14,19
DA:15,19
DA:16,19
DA:17,19
DA:18,0
DA:20,19
DA:21,19
DA:22,19
DA:23,19
DA:24,19
DA:25,19
DA:26,19
DA:29,5
DA:30,5
DA:37,2
DA:39,2
DA:40,1
DA:43,1
DA:45,3
DA:46,3
DA:48,1
DA:49,1
DA:53,2
DA:54,2
DA:57,0
DA:61,2
DA:62,2
DA:63,1
DA:66,1
DA:68,1
DA:69,1
DA:71,1
DA:72,1
DA:76,2
DA:77,2
DA:78,0
DA:81,1
DA:82,1
DA:83,0
DA:84,1
DA:85,1
DA:86,1
DA:87,1
DA:88,0
DA:89,1
DA:90,1
DA:91,1
DA:94,0
DA:96,0
DA:98,0
DA:99,0
DA:103,0
DA:106,0
DA:107,0
DA:110,2
DA:113,2
DA:117,2
DA:118,2
DA:126,1
DA:128,1
DA:131,0
DA:134,0
DA:137,0
DA:141,0
DA:142,0
DA:143,0
DA:147,3
DA:148,3
DA:151,3
DA:152,2
DA:155,3
DA:157,3
DA:158,2
DA:159,2
DA:160,2
DA:161,1
DA:162,1
DA:164,1
DA:169,2
DA:170,0
DA:172,2
DA:174,2
DA:175,0
DA:177,2
DA:180,0
DA:183,1
DA:184,1
DA:186,1
DA:191,1
DA:194,1
DA:195,1
DA:197,1
DA:198,1
DA:200,1
DA:201,1
DA:202,1
DA:205,1
DA:208,0
DA:212,0
DA:215,0
DA:217,0
DA:218,0
DA:219,0
DA:220,0
DA:222,0
DA:223,0
DA:224,0
DA:228,0
DA:229,0
DA:235,0
DA:236,0
DA:237,0
DA:238,0
DA:239,0
DA:242,0
DA:245,0
DA:248,0
DA:249,0
DA:253,0
DA:254,0
DA:257,0
DA:259,0
DA:262,0
DA:263,0
DA:264,0
DA:265,0
DA:268,0
DA:269,0
DA:270,0
DA:276,0
DA:280,3
DA:281,0
DA:285,0
DA:286,0
DA:289,3
LF:140
LH:83
BRDA:17,0,0,0
BRDA:17,0,1,19
BRDA:17,1,0,19
BRDA:17,1,1,19
BRDA:31,2,0,5
BRDA:31,2,1,5
BRDA:39,3,0,1
BRDA:39,3,1,1
BRDA:46,4,0,1
BRDA:46,4,1,2
BRDA:53,5,0,2
BRDA:53,5,1,0
BRDA:62,6,0,1
BRDA:62,6,1,1
BRDA:69,7,0,1
BRDA:69,7,1,0
BRDA:76,8,0,2
BRDA:76,8,1,0
BRDA:81,9,0,0
BRDA:81,9,1,1
BRDA:82,10,0,0
BRDA:82,10,1,1
BRDA:86,11,0,1
BRDA:86,11,1,0
BRDA:87,12,0,0
BRDA:87,12,1,1
BRDA:94,13,0,0
BRDA:94,13,1,0
BRDA:98,14,0,0
BRDA:98,14,1,0
BRDA:114,15,0,0
BRDA:114,15,1,2
BRDA:121,16,0,1
BRDA:121,16,1,1
BRDA:127,17,0,1
BRDA:127,17,1,1
BRDA:142,18,0,0
BRDA:142,18,1,0
BRDA:151,19,0,2
BRDA:151,19,1,1
BRDA:157,20,0,2
BRDA:157,20,1,1
BRDA:169,21,0,0
BRDA:169,21,1,2
BRDA:174,22,0,0
BRDA:174,22,1,2
BRDA:184,23,0,1
BRDA:184,23,1,0
BRDA:195,24,0,1
BRDA:195,24,1,0
BRDA:198,25,0,1
BRDA:198,25,1,0
BRDA:198,26,0,1
BRDA:198,26,1,1
BRDA:200,27,0,0
BRDA:200,27,1,1
BRDA:201,28,0,1
BRDA:201,28,1,0
BRDA:220,29,0,0
BRDA:220,29,1,0
BRDA:280,30,0,0
BRF:61
BRH:36
end_of_record
TN:
SF:src/platforms/index.js
FNF:0
FNH:0
DA:3,2
DA:4,2
DA:6,2
LF:3
LH:3
BRF:0
BRH:0
end_of_record
TN:
SF:src/platforms/util.js
FN:5,(anonymous_0)
FNF:1
FNH:1
FNDA:9,(anonymous_0)
DA:3,4
DA:5,9
DA:7,4
LF:3
LH:3
BRF:0
BRH:0
end_of_record
